<?xml version="1.0" encoding="UTF-8"?>
<!-- Generated by org.testng.reporters.JUnitReportReporter -->
<testsuite skipped="0" hostname="DEL-BBQ0PQ2" name="DemoTest" tests="4" failures="0" timestamp="05 Aug 2020 06:17:26 GMT" time="0.025" errors="0">
  <testcase name="divide" time="0.020" classname="DemoTest"/>
  <testcase name="minus" time="0.000" classname="DemoTest"/>
  <testcase name="sum" time="0.000" classname="DemoTest"/>
  <testcase name="multiply" time="0.005" classname="DemoTest"/>
</testsuite> <!-- DemoTest -->
