<?xml version="1.0" encoding="UTF-8"?>
<!-- Generated by org.testng.reporters.JUnitReportReporter -->
<testsuite skipped="0" hostname="DEL-BBQ0PQ2" name="DemoTestTwo" tests="4" failures="0" timestamp="05 Aug 2020 06:17:26 GMT" time="0.002" errors="0">
  <testcase name="sum" time="0.002" classname="DemoTestTwo"/>
  <testcase name="divide" time="0.000" classname="DemoTestTwo"/>
  <testcase name="minus" time="0.000" classname="DemoTestTwo"/>
  <testcase name="multiply" time="0.000" classname="DemoTestTwo"/>
</testsuite> <!-- DemoTestTwo -->
